<?xml version="1.0" encoding="UTF-8"?>
<!-- Generated by org.testng.reporters.JUnitXMLReporter -->
<testsuite hostname="Sathishs-MacBook-Pro.local" name="Default test" tests="7" failures="0" timestamp="13 Sep 2017 06:47:22 GMT" time="0.292" errors="0">
  <testcase name="testAddSlots" time="0.097" classname="test.parking.ticket.store.TestParkingManager"/>
  <testcase name="testIssueTicketAtEntrance" time="0.007" classname="test.parking.ticket.store.TestParkingManager"/>
  <testcase name="testFindAllRegistrationNoByColor" time="0.006" classname="test.parking.ticket.store.TestParkingManager"/>
  <testcase name="testFindAllSlotNosByColor" time="0.004" classname="test.parking.ticket.store.TestParkingManager"/>
  <testcase name="testFindSlotNoByRegistrationNo" time="0.003" classname="test.parking.ticket.store.TestParkingManager"/>
  <testcase name="testGetParkingDetails" time="0.003" classname="test.parking.ticket.store.TestParkingManager"/>
  <testcase name="testGetParkingStatus" time="0.013" classname="test.parking.ticket.store.TestParkingManager"/>
</testsuite> <!-- Default test -->
