<?xml version="1.0" encoding="UTF-8"?>
<testng-results skipped="0" failed="0" total="7" passed="7">
  <reporter-output>
  </reporter-output>
  <suite name="Default suite" duration-ms="292" started-at="2017-09-13T06:47:22Z" finished-at="2017-09-13T06:47:22Z">
    <groups>
    </groups>
    <test name="Default test" duration-ms="292" started-at="2017-09-13T06:47:22Z" finished-at="2017-09-13T06:47:22Z">
      <class name="test.parking.ticket.store.TestParkingManager">
        <test-method status="PASS" signature="testAddSlots()[pri:0, instance:test.parking.ticket.store.TestParkingManager@6d78f375]" name="testAddSlots" duration-ms="97" started-at="2017-09-13T12:17:22Z" finished-at="2017-09-13T12:17:22Z">
          <reporter-output>
          </reporter-output>
        </test-method> <!-- testAddSlots -->
        <test-method status="PASS" signature="testIssueTicketAtEntrance()[pri:0, instance:test.parking.ticket.store.TestParkingManager@6d78f375]" name="testIssueTicketAtEntrance" duration-ms="7" started-at="2017-09-13T12:17:22Z" depends-on-methods="test.parking.ticket.store.TestParkingManager.testAddSlots" finished-at="2017-09-13T12:17:22Z">
          <reporter-output>
          </reporter-output>
        </test-method> <!-- testIssueTicketAtEntrance -->
        <test-method status="PASS" signature="testFindAllRegistrationNoByColor()[pri:0, instance:test.parking.ticket.store.TestParkingManager@6d78f375]" name="testFindAllRegistrationNoByColor" duration-ms="6" started-at="2017-09-13T12:17:22Z" depends-on-methods="test.parking.ticket.store.TestParkingManager.testIssueTicketAtEntrance" finished-at="2017-09-13T12:17:22Z">
          <reporter-output>
          </reporter-output>
        </test-method> <!-- testFindAllRegistrationNoByColor -->
        <test-method status="PASS" signature="testFindAllSlotNosByColor()[pri:0, instance:test.parking.ticket.store.TestParkingManager@6d78f375]" name="testFindAllSlotNosByColor" duration-ms="4" started-at="2017-09-13T12:17:22Z" depends-on-methods="test.parking.ticket.store.TestParkingManager.testIssueTicketAtEntrance" finished-at="2017-09-13T12:17:22Z">
          <reporter-output>
          </reporter-output>
        </test-method> <!-- testFindAllSlotNosByColor -->
        <test-method status="PASS" signature="testFindSlotNoByRegistrationNo()[pri:0, instance:test.parking.ticket.store.TestParkingManager@6d78f375]" name="testFindSlotNoByRegistrationNo" duration-ms="3" started-at="2017-09-13T12:17:22Z" depends-on-methods="test.parking.ticket.store.TestParkingManager.testIssueTicketAtEntrance" finished-at="2017-09-13T12:17:22Z">
          <reporter-output>
          </reporter-output>
        </test-method> <!-- testFindSlotNoByRegistrationNo -->
        <test-method status="PASS" signature="testGetParkingDetails()[pri:0, instance:test.parking.ticket.store.TestParkingManager@6d78f375]" name="testGetParkingDetails" duration-ms="3" started-at="2017-09-13T12:17:22Z" depends-on-methods="test.parking.ticket.store.TestParkingManager.testIssueTicketAtEntrance" finished-at="2017-09-13T12:17:22Z">
          <reporter-output>
          </reporter-output>
        </test-method> <!-- testGetParkingDetails -->
        <test-method status="PASS" signature="testGetParkingStatus()[pri:0, instance:test.parking.ticket.store.TestParkingManager@6d78f375]" name="testGetParkingStatus" duration-ms="13" started-at="2017-09-13T12:17:22Z" depends-on-methods="test.parking.ticket.store.TestParkingManager.testIssueTicketAtEntrance" finished-at="2017-09-13T12:17:22Z">
          <reporter-output>
          </reporter-output>
        </test-method> <!-- testGetParkingStatus -->
      </class> <!-- test.parking.ticket.store.TestParkingManager -->
    </test> <!-- Default test -->
  </suite> <!-- Default suite -->
</testng-results>
